434
5003 10
17526 31104 25332 83186 64002 29901 80586 22741 97303 76284
1224 11
40119 56486 45202 23191 61704 7351 70091 46850 16614 625 70152
9218 11
71906 23172 41448 8590 70639 27311 24201 68963 35538 89612 50339
9265 10
33298 24823 53397 91487 33897 68331 82736 67953 48707 58858
2760 13
78645 36859 27297 57304 64077 93269 30126 89490 78331 64610 16929 26113 85851
3050 15
7507 17096 20053 89911 80440 31709 57053 55851 41617 50044 77035 63291 69020 14042 20139
9243 12
3924 76302 8337 18699 21694 83456 83845 58247 49558 37978 52460 27334
805 13
11921 94485 75569 77582 50790 63022 47300 72013 44657 97775 50852 87849 27115
9538 10
5986 87417 72941 46560 38607 63939 59350 35462 95449 5671
7990 11
13950 80523 87856 85600 77378 9040 73836 10398 31814 35875 57971
9692 17
991 12574 90107 94674 59362 89000 4046 53196 17138 49181 6893 38246 70740 10196 45235 44492 95232
4405 12
37134 35607 51919 89527 54478 72070 18280 70897 17185 68265 15673 21589
4733 13
1952 35775 70198 96822 25003 96083 9902 86421 88175 77531 47422 47574 53495
4328 12
68827 26673 64915 91145 46735 80295 38589 32738 96328 90095 50464 32514
6152 14
28053 5991 71306 14160 6747 94538 6315 3713 75597 71362 23049 16806 24180 33034
4692 10
73086 82065 94976 55004 99451 98615 95390 94045 23617 63598
1161 11
41509 24904 17614 57095 31630 50715 45754 83258 35684 47289 6615
9386 13
37279 13613 41193 41539 88092 12559 26066 32870 93735 69034 4288 24106 60607
273 10
54141 20523 43542 5886 26350 81132 89638 68337 53297 88489
8407 17
73812 1674 32342 71975 35536 24530 49023 13322 58976 61032 43528 53003 90837 553 71533 36215 29682
6886 11
18228 31876 27227 34128 73537 58564 5969 63331 98641 9162 96184
904 17
1135 16486 26397 97527 64466 31208 62617 53568 86297 37057 44808 71323 90569 7538 24713 96928 28012
3394 13
39436 15939 54203 95135 81118 98924 10310 10938 58482 2863 41598 64967 93786
5817 10
57548 41083 364 39919 28098 36261 20292 58584 65109 11932
4401 17
13369 8449 55061 92631 10694 90009 53624 96546 176 12535 89240 91057 27963 40054 66987 55517 2498
54 16
67037 84312 25896 13920 66803 72890 42403 52778 1443 50638 97254 81349 16396 49211 24468 30585
4528 12
22756 20551 61827 50606 40331 33398 49627 48404 37237 80167 38964 85137
2046 11
96894 2182 12494 66633 42330 61705 70810 14743 55057 54706 61720
1226 13
77342 44775 86281 44968 233 22973 94276 96907 8998 64032 95939 46361 75758
5542 12
1351 57556 32188 27598 10256 47170 8506 84741 98926 51210 59631 4458
2257 10
92596 8041 97877 53545 49709 35380 24086 83071 26567 44184
7686 11
48300 95753 88158 19251 22079 30873 47658 45587 93910 71511 11214
8825 13
58515 27791 42303 59515 73895 15503 18258 66479 94466 92814 92020 84593 46402
9732 19
34279 70399 68587 25547 45457 46395 59657 91031 14832 27469 30621 23745 16150 21619 5122 97489 97694 23923 50564
8777 10
82185 40589 29078 22273 8873 83758 40010 8811 87567 79956
6977 16
66128 32183 70449 71114 50143 34286 75975 32393 26326 17293 1942 99975 97203 48057 70124 99006
7889 14
42688 60155 62823 6949 59941 57142 38700 29117 63813 38798 63094 62479 59696 93459
7219 17
30095 80035 10232 61498 83244 65577 8046 79025 99905 6933 52610 56374 81402 95844 76261 46688 10771
5379 14
2764 75619 89115 81143 88736 23465 94105 76487 64056 31790 7914 44426 64738 53520
3902 12
58899 81297 38707 8350 68475 53787 15815 25456 29873 60965 89342 69322
9562 10
90086 17388 24074 78801 6065 43028 73374 54582 66324 82933
6112 19
21317 87586 57834 95722 96465 1051 40142 54018 78666 6901 47382 13248 31668 61716 27539 86659 95625 93072 71160
1033 10
22592 66969 1227 35570 59925 32089 54274 35336 20678 80585
5948 13
80915 42117 4378 62993 57115 37934 28857 21026 33742 84791 50950 94212 73319
6552 11
98327 24213 48108 29763 36610 19712 28312 77714 85318 5278 15049
1028 10
48004 46773 88525 98360 77170 4225 92049 44539 60552 6622
731 9
67675 81808 15307 18316 36245 17039 81626 13686 29216
8408 19
9756 16222 31076 23569 13455 63077 27938 35896 40222 47632 3312 82975 23584 5279 4098 69966 37821 22006 46750
3437 10
33324 34182 77581 68876 28689 60974 40649 4850 27826 95139
1382 14
29767 32523 59249 5412 36894 45608 59126 43509 51048 14835 30080 44039 85791 18595
4402 11
12941 59661 92752 56187 15847 94612 47813 28026 31459 77337 4185
1170 10
2748 2106 12204 95618 46679 98638 85379 6679 88986 64815
1512 10
50707 54592 98363 93422 37252 25467 82870 23022 52779 84574
2929 17
27465 27023 44911 38518 30469 38703 43243 46862 35499 81535 136 91547 58328 21993 70385 54481 87204
5187 12
58399 11230 27444 19920 97698 59038 47628 70961 72432 37357 64840 80334
142 10
23765 27708 52504 70926 25320 72905 41397 44876 69776 29870
5020 12
72364 56306 61717 28296 24078 84053 23908 97385 71679 34753 70976 11335
577 12
70531 87248 76519 15164 48924 78649 2151 33333 45770 40761 71558 598
2446 14
7088 9049 9331 16604 665 57737 30018 16820 72180 56570 31139 91203 50706 70857
3488 13
77277 64792 15889 94169 21612 52642 40038 1852 43815 22876 15548 33760 90475
4606 11
34227 44605 93551 45877 24020 57936 40242 93740 20684 78370 59143
7192 14
21787 32542 34150 55295 45138 75172 64314 59563 51806 68889 72459 16452 72769 12267
5934 12
43197 2096 25573 93200 83879 83038 784 70280 20981 42818 10181 61008
6192 11
62684 96932 5424 10423 71704 24856 92686 75751 19099 81389 92404
8982 16
59681 66278 22153 5325 61247 20310 47826 76643 64244 86490 87726 39197 79323 80064 89082 60915
7585 15
52337 89139 1813 31492 87122 48431 89855 15929 20683 56351 47330 22583 29629 68980 25213
5616 10
5202 40986 9568 63050 75437 94408 83210 81337 11907 48716
7807 12
90686 12047 28337 14238 24125 42491 17100 68115 78547 58097 49477 6575
8169 10
74446 52796 32596 45245 16880 63248 98673 8280 91462 9245
33 13
16578 34019 68835 52455 65864 69331 21653 14856 92382 67446 79505 37618 30297
2904 10
19713 55723 27446 60058 54135 43181 31835 94923 42921 91335
6915 11
65488 39955 36036 74797 94434 5398 42644 29988 85197 71522 85422
5730 15
17026 97370 15805 99539 7350 37474 63395 21283 34036 97162 5509 67271 69449 91283 51948
5065 18
28614 40458 9950 71471 311 6870 20130 3096 69453 75917 99038 63892 77520 71880 28703 62380 89812 99758
4140 11
30868 88449 36041 427 95396 35390 67900 69777 87720 88837 56996
1764 19
47404 44025 65649 11406 54107 77315 20779 14379 64281 13065 56196 21325 56985 56758 12587 48550 14640 65781 12597
7772 12
57253 50607 28204 84743 77984 6211 13011 39201 36483 74627 17269 15105
446 10
36447 56568 76166 95087 43626 32507 31585 28663 91797 83395
3173 12
86738 9338 13293 8710 75369 1244 16449 65043 33767 68142 48593 55754
5731 11
93771 32915 8135 80820 41295 20255 67876 64788 90736 70772 86939
6739 10
78605 49017 32314 60521 54695 56487 32677 22177 12013 50698
475 10
63790 98303 83891 33019 56380 81136 81234 45085 69472 1752
8713 16
67293 34939 1490 28902 80978 79029 34916 30057 42292 23882 5124 16942 43209 61429 72714 10372
7823 12
13575 61273 81343 71873 50974 54319 45769 22647 16731 1341 36717 12201
2995 18
21413 74081 1247 34544 52146 43436 9318 19261 18246 57138 63121 30202 52134 19577 30414 5441 84242 5274
4193 12
82470 16068 8596 51587 29869 52011 58278 97482 99564 34675 49397 24403
1265 14
43649 23903 16146 74434 86827 6345 12384 40536 15495 63830 72999 24675 19613 62157
1662 10
27462 10415 4716 90835 45761 81383 66289 70970 85183 76704
8745 12
96037 71411 42531 79550 12245 30950 35230 13264 56561 96533 6465 51763
9561 16
84354 18515 75539 73363 30124 82360 68025 1847 46612 54970 68202 12997 79246 23252 88051 84165
6054 10
4824 58795 69265 4114 19734 63110 15284 56202 52082 61539
7824 11
65558 17153 96445 32687 672 88331 14521 69898 91366 37480 75796
2134 13
54560 90345 40822 43923 7037 42287 23236 17122 1905 30167 30015 47446 107
5452 13
63457 44291 28999 47732 21091 49275 7809 38018 29 52681 93339 89762 9069
1175 13
27734 67140 63127 68069 85746 1884 4104 89601 95435 96909 12405 25017 20888
1760 10
5901 39132 49620 14830 22422 40929 58487 82880 46805 28953
5121 12
73778 35894 87583 73338 50113 54993 54368 34109 45662 75182 53422 61370
8178 10
9401 81080 40436 45833 4923 53621 40020 50605 50677 96730
2402 11
2946 92810 22988 35838 47570 12370 27663 26911 56326 17679 32211
8155 16
53310 65455 59108 11512 36210 44439 80827 98595 71329 92154 49227 84350 43034 61422 10710 5423
5272 17
37152 6228 26000 54677 14946 18631 83652 52185 49264 37339 38740 37519 79790 44610 8396 50995 82744
4388 17
34052 5537 1073 82696 50184 91380 12450 84944 66454 12154 59041 65184 36024 34992 81015 46182 57524
714 16
6987 73018 54764 41524 88017 90886 84137 84719 5858 73695 74221 48880 22293 65944 30217 96317
2469 10
60170 1645 27590 87765 57522 9735 97430 44522 67973 87022
8032 12
6254 11547 59915 88133 25312 76462 94888 88055 17446 37631 4430 88138
5138 15
60787 57020 8507 8238 79360 56052 2221 10533 39655 91315 58099 50843 20745 48386 96137
259 13
37857 71112 71756 30951 92725 39331 38223 42683 53593 55838 27854 55766 20666
5403 13
6510 7098 35235 27414 91840 15504 5304 96194 57799 51696 42005 21780 15278
545 14
92644 17705 17382 189 99679 51933 20104 93027 64705 17348 38565 42165 2617 88597
2067 12
604 87948 24406 12442 57604 26835 51058 21784 16774 99814 52006 40456
2144 12
7776 62673 39234 65933 40437 18220 2623 37470 36485 59023 83373 8888
3493 12
55921 68032 71261 48878 79389 49994 23106 83639 63409 74805 95775 65913
5643 12
3369 12185 46778 58268 49365 88190 4105 93803 69190 58078 76672 49246
5589 14
28172 30920 93461 16716 18607 63705 41680 8447 59911 7436 59009 68026 32515 99825
6479 13
2138 24712 7253 59414 6019 47681 46801 73533 83453 63651 98963 85599 44757
3340 17
89643 96673 54815 23964 77225 8177 76201 37866 7453 31484 66710 34884 64382 45755 46621 33191 1489
8444 14
82926 68689 13254 3117 19339 65096 32100 29015 91193 85755 4627 67916 37536 93608
6636 15
42641 997 71874 5454 54092 97223 34089 1816 60066 95361 75695 47875 47982 88953 32592
4343 10
98181 6854 2801 51840 27144 14267 30423 98499 63682 7638
6606 16
5144 32002 55231 83662 40500 89288 1236 40239 47923 28087 63240 27485 92191 40103 53170 4697
6279 12
77297 46456 82114 11636 45142 36812 75817 10065 33106 8430 66056 76278
2666 16
33667 60452 55114 24085 95190 76598 26796 86730 77976 53405 78768 88819 25484 4386 15898 29143
4554 12
44023 64665 92111 6415 77214 67029 35882 56870 16029 81379 8078 67940
4452 10
59825 46892 20517 89431 23551 482 33435 4171 66089 77409
4457 14
89928 29127 89588 48851 90672 43625 29944 10762 39188 52833 87383 13166 72866 74825
1478 20
29736 81910 56764 95287 31959 59763 21990 29280 16091 11030 70272 40915 94114 89956 99281 44076 3165 94760 16541 88154
1820 12
38829 46827 56607 57435 31953 71534 99481 6588 78487 4600 22788 15017
4999 16
86410 84856 81339 97846 41032 63292 27062 77972 59392 25132 6507 6085 3529 95600 71981 72422
7197 19
33752 79354 40527 45087 9789 70548 60373 57881 37221 35493 57825 50884 22905 29183 47711 32052 85002 23852 17486
2631 20
28844 95646 53154 27196 41551 48846 91910 65968 46628 98470 51443 72913 92325 86463 39248 49839 63405 11334 72613 30747
5405 10
2510 30086 18415 52991 77257 29074 23004 59687 69271 58490
9736 11
35923 93180 86185 50465 88283 26211 19710 15325 46358 60246 25865
419 15
50235 1346 60744 38240 99886 82453 18565 83146 17054 65285 4736 38525 79506 36273 49040
5342 12
31034 24588 48339 37346 87158 19776 24510 66480 45242 6178 95655 55204
5835 10
6703 24979 73781 30382 78040 89745 48697 93577 67862 93568
8749 14
2101 96812 48870 7714 10037 17543 24714 53059 301 61553 65518 13284 62911 12262
5227 12
7672 83714 81167 46717 56598 62742 40790 20469 93187 33407 74622 25082
3126 14
75788 65807 1899 29032 78439 80516 91310 4943 77864 45234 44698 45856 66138 42096
2791 13
45527 3902 94423 9113 59542 90458 35754 237 74206 79406 17202 19717 17394
8700 14
11097 83872 51660 50946 2977 17330 70741 78132 49528 72894 52950 34105 57884 30338
3188 14
73674 31088 75066 748 26048 75976 27399 21458 25992 7598 9066 56565 75720 84462
9752 10
27133 97353 51247 3775 5944 43989 27738 55576 19038 7306
9536 15
23190 7833 96470 86746 7034 47966 98834 43091 80553 38237 2979 9114 96880 40451 78845
6862 14
449 61373 58296 59929 64518 10141 19722 11590 32800 82992 96425 711 82425 33443
6594 13
50315 54261 23659 31640 23273 87680 56405 84968 83086 28837 78452 62447 67175
61 16
26401 83635 10448 17897 30734 22628 26630 270 91850 91434 4280 78493 81777 99911 74641 38128
9784 12
78920 13793 19016 66459 38253 96746 65309 18143 43056 87305 55441 67463
5545 10
44168 78978 50728 90134 96531 40587 1458 73872 53786 79351
5057 17
98302 35107 51615 26128 52320 92737 91836 37004 20724 37723 10394 30101 56288 69573 56493 54671 27927
7511 13
16503 31358 33910 61640 75046 76480 59683 60278 56141 8434 86698 71537 77109
706 16
20841 2800 13147 33992 15331 28375 2442 10091 9322 90300 1804 68665 10130 96598 21956 27067
1458 12
20711 69893 25034 96190 82004 9039 26866 84185 35673 82976 57706 18413
8582 14
95124 26310 31680 60342 49047 36499 73331 83989 41460 90971 78272 56004 91550 36362
9750 11
21662 90874 36219 51877 22723 47073 86260 27809 29588 34273 39815
3597 19
40462 30212 95110 43268 15572 44464 11413 10118 37962 76133 90138 26650 84345 90342 82493 12667 73670 55285 59146
8752 12
36906 84047 18688 74119 41467 74557 4084 5069 61233 46121 10853 11806
5265 10
87710 89175 68284 78472 69990 48776 28968 62576 77151 23263
1561 18
30326 71237 38789 92091 25619 18027 58267 92126 9880 16710 37006 87458 53032 16984 90433 5669 37612 27889
3318 13
76786 43084 69979 1598 61006 58059 15194 32281 86023 94732 45513 22250 80271
3138 14
2402 55169 96649 91560 60621 99040 87007 88429 79765 20611 61790 95617 42751 24757
7929 11
9012 25580 5463 87043 68480 6734 18692 52659 79091 59298 62717
6538 9
78623 14933 46525 80291 14029 11118 8287 70242 44112
8364 16
4091 41327 72560 81998 88838 97319 11546 24009 12066 96410 97865 83689 61859 60410 27425 57450
9543 10
16300 52330 44427 33083 79223 82555 61793 16737 2995 66348
4893 12
28005 30989 75560 30105 93129 56984 77511 45773 96674 37160 4774 29853
495 11
91286 62285 14463 5337 63009 35150 12937 35848 78162 37875 98669
5974 11
38978 49233 98932 75206 81565 84033 71643 64753 27183 21201 99226
3966 15
49803 16019 57430 25622 62225 95149 74493 99125 939 54761 60619 23171 69537 51394 11189
2209 10
56155 3569 83570 62326 45002 56871 77543 14898 34527 66713
5438 14
94553 87397 98 68452 13272 12924 41381 44812 6373 76256 89930 49632 60056 527
7411 10
95591 2570 44795 20950 1625 6138 26406 55583 23573 28926
2202 14
37238 58313 61811 10695 59895 32170 83847 47233 34272 78099 41996 70179 69631 3811
5172 19
51447 57499 4624 78612 70466 52269 6742 17102 52564 57587 40985 22553 863 71104 45727 24432 67828 5955 32583
3454 17
61351 98346 32422 4898 19304 7321 79703 31384 65984 65362 84783 19732 34871 9148 65778 55062 68136
6464 17
78557 58880 71231 73743 49221 42483 37271 70117 7568 84763 66338 51166 88610 42093 7421 19163 8972
8975 15
73332 92961 76019 63980 43384 76905 2706 35642 76395 84051 69346 82501 88997 39516 51053
3361 16
47416 67403 51374 92981 38025 79171 77554 3279 74536 20578 17232 79038 27075 59861 96936 31219
2440 12
36019 32503 17250 95621 29022 52280 48961 273 51054 38466 44569 95859
6340 12
8151 60207 46063 60749 94994 83042 4957 53228 9906 35977 60536 56010
2609 11
50274 8162 61940 3199 73286 68840 1128 63097 6541 87964 27499
621 12
43914 70418 44732 34869 97480 12449 78237 43214 60228 71051 26690 42478
3343 13
73464 74154 16194 21426 98195 66894 55127 88575 51554 28409 91251 98592 40128
9027 14
30917 80014 57018 65839 33279 66363 7339 7881 32154 87363 96865 58873 65327 16771
7287 17
31985 75752 35972 9724 70999 91452 56179 31373 51665 12943 47716 53773 67875 18785 73935 41289 84244
1966 16
96754 69105 79121 89946 22877 83505 51362 78308 57809 14222 83275 18759 44201 8523 42289 60672
9524 16
83217 99830 44681 65932 3758 65628 66411 7908 60147 3388 16967 73040 24288 39320 9486 1466
1704 13
48890 57725 48512 95486 8800 92036 48050 61444 84820 369 43079 35961 8043
6899 13
95073 51050 94621 10095 83721 85338 7382 66671 56318 85529 14246 36977 66595
2766 15
63970 67435 29003 83218 98781 64813 8959 87284 25862 75043 49417 362 95311 84355 17508
4255 20
81866 86820 56287 86341 72649 86205 43634 64636 77860 30433 96564 4701 67242 99761 82795 26711 80831 49819 63616 36939
6409 16
57875 51245 6406 28494 7006 25469 11627 36878 98997 76413 6061 9160 67297 40316 30185 39456
3567 14
69577 9541 74960 39803 91459 22866 50484 88823 73439 65409 50614 27945 28138 45592
2470 10
1465 55965 63724 17111 84926 1537 76510 90674 41697 39710
2882 12
16292 6626 34082 78934 24478 34255 48828 54090 7897 83698 130 65860
906 12
60103 28069 51287 44052 11604 24241 36627 87150 2770 75208 73612 46263
1401 17
36831 18325 32087 99567 40839 25313 59882 89744 35776 650 63603 33765 10209 85309 63672 77727 41249
357 15
92139 33060 10222 25803 56416 19929 80180 65813 93205 68392 44175 9152 13082 41663 29489
2166 11
6135 62613 40136 8926 26738 90335 28339 64805 57078 19898 80786
1456 17
47366 68541 85686 16986 98342 85133 67018 16266 14939 4361 47831 65834 32097 47245 93384 82125 58663
9913 15
86317 73854 34662 54421 5896 74864 11524 44924 36752 93744 27883 49953 79315 26746 6464
7895 8
98500 8357 93913 46408 58547 44540 89038 92025
3919 11
90734 1184 21917 40245 66590 94347 4461 89941 15819 56056 69802
4675 12
86055 28410 26293 70252 73490 36137 21239 77775 81589 84202 80042 97422
8728 19
71936 35203 33260 69082 65433 50050 87702 32405 56671 10134 74374 73194 74978 35881 72584 47730 18116 81479 15654
5091 17
12683 88734 69124 8330 79615 89906 31388 10382 44496 25414 38037 57384 28866 21570 39856 28304 65945
7541 18
5324 19940 11479 13215 20145 52966 36106 83579 90316 38348 67202 86275 83095 39512 93685 89555 9812 36777
2110 14
24868 61289 1347 39568 34012 21009 59501 33033 89707 86964 76856 26358 51188 91268
1086 10
45867 60512 16383 47250 92886 67639 42472 33845 5810 35102
7785 9
4026 41614 48557 77242 35794 72110 59837 22157 46623
1488 13
24347 5672 94462 22695 39288 94939 1762 80258 33891 32887 97224 14619 37975
2331 12
99421 67429 47495 77431 7728 99841 78051 95845 35191 82730 79548 86018
3940 17
86701 97083 95469 46368 21728 93821 58153 81194 49524 31355 99161 82599 37621 30845 15831 13590 94706
6715 18
35878 70288 49510 96008 9544 69349 94724 95314 3598 68116 34769 21077 98111 26822 67956 75926 92033 1147
7478 12
75711 59972 26481 80097 88588 96005 49601 47714 15090 93328 71775 63201
7739 15
69544 11215 42148 58625 93056 43944 96318 18705 19893 35185 34932 20740 17861 91052 14132
4265 10
88057 54609 61731 19267 38289 41108 86119 92124 43685 71532
3465 12
42777 27452 93292 32124 40282 76757 41021 82230 32136 2792 32672 88976
5311 19
88308 47594 27 73422 85283 52285 82953 37385 75001 71301 41168 81510 56186 66267 5980 26765 40337 31674 76763
5006 19
54408 54828 50106 68314 21514 30427 91079 53649 6050 25614 12938 18289 57867 64415 76702 46101 95257 35815 39830
2481 10
32350 50236 64259 92733 97443 91468 18774 59755 17475 91495
498 15
75135 77897 72849 38688 11241 90223 85390 4651 55274 80075 74383 14276 84687 95302 64733
2588 14
46129 60582 67425 10948 17087 50077 26096 38710 6983 74145 15486 19972 31487 73187
5568 13
11989 65855 66563 40116 15721 22644 72568 11333 86322 83113 17432 45053 67294
2595 18
68600 24051 65394 14294 53077 47277 7402 43589 89403 20237 37988 99774 85163 21527 32210 58789 56102 4574
9160 9
31683 3972 4618 73769 32719 86929 96777 8302 97387
4538 12
23527 17896 51086 27844 53443 36064 73866 47275 50445 701 7630 60603
3729 11
2650 91787 95081 15581 83971 25485 92769 62809 52186 11564 45274
9921 12
4632 49816 42806 70450 76698 96584 96109 31524 44225 51518 3929 5165
2058 12
32764 85397 9370 20315 58545 36073 80998 19708 37058 96608 89966 65925
7302 12
69412 98405 76795 91896 53737 74549 18178 15124 95949 24210 90996 4551
6434 15
25211 79679 90219 34038 2064 14436 4863 38388 97465 7861 59379 49944 37088 27435 17763
7601 14
70028 60839 77438 51149 9712 30420 46716 48744 44649 16892 31394 4908 83421 89117
1557 17
3194 79620 23157 2858 11168 5566 64895 5543 85028 49134 8127 13668 60485 657 24504 69284 23294
3365 9
72861 32426 63527 47270 57291 66021 23842 23426 64645
8093 17
89863 53286 34533 70998 84931 1934 3141 17236 5675 11320 97945 22993 46747 93112 39976 35669 18541
7285 11
40018 63576 89313 11089 73564 5389 69891 83724 81492 65547 24772
4707 13
51038 61388 66824 22690 19297 60478 95990 17278 26328 32447 43031 85339 52851
1137 15
94733 49198 52467 23843 73122 32799 15617 53183 49964 181 41013 38498 89486 75813 86110
3525 16
60690 22992 53202 39839 33222 88124 26248 28338 9648 72796 89782 54655 97816 80204 11729 99793
5167 12
46379 34460 91696 36994 72007 93921 73438 62964 19003 81952 93693 53574
4073 15
2359 68855 46024 27061 27832 28100 15207 74354 55069 15461 10082 63376 53563 26997 42866
1139 11
20382 63126 46215 51672 41635 13159 33173 24234 59678 80578 19263
4058 11
46516 84900 55020 29557 46267 62267 7826 17426 7336 50042 27207
8696 20
35619 45104 44776 86267 17085 89554 3876 87902 38304 24855 77630 82092 78115 2284 82577 94634 66416 42488 5076 65791
1606 18
70957 22806 14572 16695 443 89988 87052 82204 70712 74681 81083 60313 73298 5223 92791 93400 81745 95307
7293 14
14667 70986 49312 39981 51647 3704 36429 49885 78972 14763 57054 73884 13465 44087
3352 12
70537 51576 88278 6699 94067 61459 94089 8964 16546 86334 86456 60306
6079 17
81771 36151 15659 16853 80276 77000 76709 22024 12844 26665 61223 97034 72673 49 49798 51612 10997
2954 14
70287 43645 99236 6962 54611 77838 40455 50849 8866 18793 16431 15405 91776 60427
9671 10
32937 76265 12328 55891 78821 68750 77785 92380 27758 90304
451 10
55199 66191 78636 94095 15297 46950 87307 62222 15961 55813
8591 18
31632 10379 50910 84079 55863 31112 79328 4367 30074 78446 94483 64419 92938 60267 60237 2595 49613 58214
9626 11
36858 50203 87804 5605 60586 16958 77665 55269 73050 2533 61235
9733 15
39173 58005 38374 90923 48043 55543 58337 16989 55530 77857 25678 52738 73503 46377 4715
9017 12
91709 14022 5712 19329 91892 26768 43329 91072 80430 42812 65630 95557
2926 12
54429 40328 73405 71063 64459 40243 766 1535 3508 43807 58374 28810
9647 19
6639 93830 20992 36874 77077 22523 36307 29392 69201 25354 15121 35547 14951 3723 46419 25514 24037 95318 47109
5840 10
39061 70067 7708 27613 9233 8068 18131 15468 62095 7579
9676 14
93929 92518 68280 43234 70745 14601 24519 24654 14940 52718 16635 94138 96170 89472
9934 14
62769 40644 26078 85896 76048 33290 31611 48939 61475 13865 42785 12599 50954 74498
5654 18
58774 55252 49319 47669 3479 26060 89846 13720 26456 83268 59164 42559 80070 87670 3565 10907 8560 94010
522 13
21755 28626 80283 63055 82323 48284 55105 6690 25864 16607 76383 50166 33482
8149 10
16863 79950 87508 71560 59349 39297 11281 46288 42728 88199
3368 12
3998 32080 77095 2299 58290 81261 4853 13742 55175 24102 35402 9128
3722 13
74617 77650 17420 30831 92803 67561 22645 68679 8250 38383 86539 99809 81754
3490 17
36562 47025 28515 28574 9042 63597 26325 38819 90057 9197 523 53819 16656 25948 73667 42799 26137
8659 10
36054 50421 50837 71598 79943 57540 16263 46930 33893 28136
5340 12
99852 32801 13309 24410 11811 79681 77868 44919 36370 39074 20765 82085
141 9
37098 52135 42032 33554 84401 11061 1616 27534 21027
2664 19
52093 54995 84514 69525 70202 65434 57718 47150 73448 47589 80596 57976 96111 31295 73485 91693 60287 30059 39531
2366 14
77114 49331 1973 51078 60684 39807 1659 49368 15075 93864 78503 31925 6938 90125
8449 13
14558 20646 28274 80146 39740 8130 1067 63841 79160 6551 88496 150 18333
6793 15
5382 74394 79152 6450 42097 67385 11329 35889 19311 77295 93306 57183 28348 17817 31062
969 15
11375 16352 3560 94144 29407 6800 51351 77890 36205 64681 38137 24281 90538 7644 4938
7709 18
99195 24499 69407 9816 71892 58854 6194 78733 23021 56021 67654 91415 53259 88615 70512 80735 37972 17174
7120 13
92811 52987 81466 78578 55580 49243 86758 84236 98211 19466 32987 58277 46518
9540 10
64100 76067 69550 40796 22506 34381 15348 3354 15073 99580
694 11
58055 95671 57748 50489 56320 42094 55401 49859 62376 44731 2487
9582 18
80930 79771 71517 84645 18295 65333 72460 62732 76051 38096 57117 15781 75325 82593 26027 72058 68781 25539
9294 20
42080 72711 16973 96726 23597 68640 97076 42870 89243 7009 57516 37909 747 37479 48181 54341 59429 87581 33522 57295
570 11
46901 43624 48556 33072 41613 41333 95930 64999 43671 77538 7533
8839 18
73517 13780 93992 11548 81713 62467 17418 25692 80409 4964 15830 66404 30601 79479 48420 24954 25978 76776
1601 14
99629 1408 24960 48156 44328 7951 80302 86336 97871 77556 40625 21338 39225 98568
661 19
48941 87312 32402 83190 46618 77606 50977 25973 26557 49350 31489 55860 41272 44823 15973 86001 9112 5110 66405
53 11
19871 45897 2478 60488 1061 70968 67042 56156 61098 42293 27198
1181 10
5320 29214 27377 28042 4193 28899 83554 12567 78261 74718
6185 16
43886 10957 64503 26521 88182 94908 13777 85140 39140 75533 1550 81670 53631 4259 92901 49168
4704 10
88817 45187 66137 47679 79826 96939 11965 53376 46492 14343
7358 19
8226 6016 41726 81897 46729 65508 65619 36550 63957 45114 59605 34271 81543 47834 46203 67570 34122 51487 88944
9401 10
87957 61301 93003 48729 14635 5440 72604 57596 22043 15596
293 16
89089 32085 1378 30919 15322 88008 35161 19233 74344 52805 98159 66807 21757 87656 46410 23028
5940 12
16471 9755 15112 12645 71407 50640 61017 5032 53777 13984 30027 12566
9985 19
5474 86708 18118 352 81477 35989 4521 95315 81469 46976 43277 39791 57997 13262 94829 27065 44342 31641 71651
3726 12
60925 55052 4363 64035 32226 36631 28561 19778 28990 85115 64529 98339
350 12
63551 16689 4757 28363 2565 10810 43238 77936 8204 39345 55647 34408
9061 10
97758 6623 14719 47228 34454 40717 6237 97493 42091 36314
2161 13
85231 60933 8541 77726 35535 42313 79403 33316 54735 11177 27813 90603 29731
1949 20
24096 18968 82966 71256 98832 52845 2883 63589 5658 7767 96757 99572 99686 77607 75188 21318 29512 46254 41367 1416
5175 12
34740 886 70139 29872 12890 62499 81030 74994 51604 31419 57263 6659
9724 10
72055 9593 52416 18668 24199 52985 90703 50861 89926 43882
2824 13
55254 97295 55607 72587 97960 52131 7772 46614 14508 10632 59793 87607 91273
7755 9
8084 41405 33371 19806 60014 64581 8982 36466 10059
5555 15
43114 26780 15588 5128 48511 40617 72557 77368 44824 52666 43089 53231 21604 3773 88406
1432 16
44014 43667 71266 696 74840 39239 92158 63003 84417 35888 4996 39998 26297 87873 67751 1554
5968 11
34276 45326 15547 53808 17157 25980 92878 19106 52656 72515 24225
7442 13
43972 88066 83475 51910 88608 2411 75666 7033 95694 18588 31144 60742 84007
8618 12
15525 26628 17819 92996 13828 98333 59270 55352 21205 80547 84943 43686
7838 17
41456 59223 32256 4101 76370 11511 81182 23853 67961 44332 34832 10875 44970 80912 34154 3645 23441
5233 15
16523 64931 55260 55282 97031 47707 1232 25607 93476 68560 59516 88677 78256 33531 44879
6550 18
94970 97138 10051 35700 31067 49892 65313 11530 97857 7958 93066 63103 12759 33058 57286 85050 57527 16395
1133 20
89093 48670 67618 35861 41188 21741 20708 87020 41625 20269 4635 80544 50898 23940 6023 84375 23045 24559 22869 28103
6960 15
6247 71899 54459 19748 38352 10844 72698 99689 50433 14405 67911 82588 69862 36781 61486
1420 19
76512 27803 26410 18028 72371 28783 88102 74425 89894 20791 11526 24206 24401 46426 80524 39276 82035 1597 84686
3080 15
81404 69934 20809 17256 74341 87054 3671 31796 64673 78611 40481 6733 31977 54164 1883
7259 16
28997 72463 70983 5724 14752 76191 32807 65832 25195 44513 28395 76989 40686 14943 40291 28376
6916 11
11809 72127 99970 73880 52775 69602 41285 30454 70456 28824 1234
2830 20
73779 43765 27169 2816 85802 50999 24754 93477 11521 52506 81508 66058 69904 17347 2023 22923 62515 74125 3571 65030
349 18
83215 64201 92378 45706 49971 10212 55168 56492 71808 87536 18167 97265 93253 39545 59352 73350 99807 34171
751 18
51453 15151 91075 275 29854 5449 33695 18471 15535 59538 92605 74094 70627 59492 94239 41058 65399 15713
5724 16
83428 63547 24578 72830 21401 8025 43701 3319 16663 13122 53478 4331 9003 93722 19536 64761
5252 12
22191 69887 57648 93958 43213 13382 58442 61595 39537 18168 83512 72222
9560 11
46631 41944 67873 52476 24124 81457 8613 82282 17699 384 33354
7010 13
3374 50049 76342 73618 32844 36326 84419 76992 6527 88013 33506 7866 9494
165 19
70232 77458 56855 28355 37089 6338 82111 76135 81958 78600 57068 71402 78531 77356 91426 51720 33518 88798 29967
5426 14
72585 5925 19950 48107 28081 75702 80817 89167 51907 8856 68419 80783 45328 94840
1721 16
96680 1328 66601 97360 92021 12706 26762 75648 9681 13436 1271 45900 29998 6368 979 49144
29 18
93750 80532 77682 66311 68449 12708 33042 69361 80009 55674 33336 68691 77350 99675 97733 50056 23600 69534
3342 11
72979 65979 39507 52081 84123 4931 49654 44990 9122 9498 96178
4059 10
95569 62569 88056 12229 19054 3166 23918 50230 86716 36425
5888 12
99563 94808 98551 60794 79815 82769 37781 79012 86405 363 70538 9853
7491 18
32661 60681 24104 14389 29611 21049 39743 67568 89044 70505 75423 25513 39338 6316 43424 48935 8221 69142
1864 14
30623 34568 78112 35086 80808 46864 18625 94551 54703 96511 52248 22717 43957 33943
6285 14
10892 26159 96251 10521 41241 94245 93151 14578 86520 62169 24073 32485 86974 83809
8738 17
34438 20614 68221 1081 46844 42857 89237 2052 92795 33701 88550 485 69069 47390 10840 36519 41936
4072 14
49199 82737 24964 82192 45975 79313 66899 20136 40813 72640 79547 20232 68899 27998
122 10
89613 22078 37843 98090 47800 78834 12344 70053 13385 55902
4951 18
60464 83976 54317 96872 60946 17168 17051 47056 80866 4648 94786 99435 84586 9077 81802 97325 58531 79988
6992 12
36392 11808 41507 76198 18627 78207 19916 93173 65452 19422 22059 38949
7308 15
10896 21713 75913 48460 67249 11678 78871 24598 24479 38808 97823 29482 31752 54440 40867
4364 14
21995 70129 34699 24242 83347 15208 94136 36672 34216 95358 7404 30905 33386 48440
8181 19
82963 39996 15098 76450 45999 80560 83126 49564 56979 34337 7259 52171 23141 74272 59532 29408 37489 56597 40430
8818 14
62386 42040 94583 98773 70211 39943 2506 95488 294 27965 86782 18827 36626 40659
2890 11
60955 55383 53382 58072 64427 8520 58129 58257 87869 4120 59460
579 9
66917 71023 75165 45252 42065 62224 40520 12219 67171
2346 10
90784 3616 22001 38852 62638 5214 75265 33916 90132 2355
4277 16
1840 87780 34590 5683 50526 21120 59812 76239 41002 93834 43504 46843 76576 99806 88908 15890
1584 16
80641 55911 51502 39082 13976 20516 67789 21771 11055 35610 87744 92745 95584 91937 41634 30631
7177 12
92866 37924 5660 3402 79707 28825 2230 7818 98723 41812 41307 91994
8366 16
92987 85671 28568 42380 10967 83581 90808 83744 42059 48329 6347 69000 38146 65423 87384 57116
2651 16
87520 7277 69343 6709 84919 33345 15485 51735 90615 34930 303 66504 87639 35995 98402 89695
417 19
1989 6910 94957 53611 54617 35858 15324 96586 66048 10368 24763 99685 93582 60189 47041 23860 42052 67351 95889
4592 13
11984 50130 2737 67041 94241 66520 32609 62166 73461 71248 22769 99838 128
6213 17
77424 10865 13393 29136 94635 72552 46054 82724 63817 51875 9811 29045 32725 95472 58212 40932 82901
7096 13
14081 74848 51471 3912 7263 56709 98137 59961 70558 21657 37822 74167 11788
1899 15
23284 60303 1716 62989 58204 38591 27669 57857 18414 54589 9339 3380 93748 42150 25893
8792 11
20600 70303 38764 70023 54232 54239 6357 22102 89532 19539 64469
8279 11
63029 73237 11213 96414 98543 32039 43322 79437 63624 82502 24737
416 16
27052 96196 80870 58698 61397 57140 78548 10280 82929 19674 84065 97542 348 1508 34561 85782
7984 19
44930 27980 57104 6981 7690 38861 57279 91557 40900 55615 78896 88120 97991 96995 83098 98660 59248 60574 56008
5184 8
52462 81290 86390 20590 64904 16570 50275 49202
8384 18
29310 76168 27699 79781 84313 24067 67329 15212 84933 67804 45614 54344 4986 37923 69826 34713 81966 89482
4705 16
37941 9691 19051 51664 92431 71928 26982 33664 24661 95102 66365 29112 28939 58350 46654 27498
7104 18
6640 86511 88759 92978 52594 14464 11303 87687 54403 2984 50761 80549 31313 13281 61556 72320 71194 26014
2497 15
65230 17597 10644 80191 81091 90565 30941 41298 89009 2357 95546 66535 33888 86828 11387
7833 20
48921 80729 81100 15040 75439 28263 13413 27970 6455 13335 25955 76171 17284 55296 951 65603 77924 82706 28929 96292
5263 16
73291 34601 15260 64389 38744 35600 83457 36344 21385 805 41725 37405 63602 78398 27573 90365
8124 18
24203 92010 91445 60124 17381 43674 16017 73964 63901 47515 64953 77569 20796 74777 9262 42355 69653 93906
2457 9
73007 58821 8334 74588 24780 77001 23508 55480 36987
7078 17
6535 33797 83541 64421 29359 2187 26141 51012 73397 74044 43578 94088 37913 13571 61642 64525 65959
5857 16
6504 40680 22716 72811 85184 94779 99699 7444 67607 86694 44471 65193 25390 58643 76320 32808
1331 15
69820 69818 38127 59676 25333 72124 53581 3541 86946 72349 31281 36055 41770 59974 82656
9203 12
24592 81842 27088 71731 83264 8470 38458 6905 8113 67814 91060 87616
6871 20
40071 599 47629 87851 67662 31515 12282 59306 42836 75548 36149 80127 74615 74736 16615 59246 66013 21581 39044 13601
4871 19
920 12492 79041 29616 52743 42134 10014 2030 11543 55914 58146 17652 50357 83073 98377 18945 17164 66996 72701
5765 12
68457 4691 88576 21176 65957 54227 37791 66855 89199 15756 6430 86956
1427 11
16915 98986 40047 8827 56741 82504 7576 36020 86916 75006 87619
9316 14
5807 70147 47309 82906 37623 47249 75727 83085 33100 78016 42636 19434 85069 23358
8917 14
32911 3456 38007 42526 18745 65614 10177 14901 40941 61097 22365 60134 39083 6604
1348 16
19371 53262 13098 39422 90465 58518 6111 27379 41574 10838 56091 90943 73329 9142 55706 81953
177 16
56212 95196 74013 79625 32108 58466 68856 38787 859 58838 63728 41033 86060 56541 45612 722
399 11
5704 36203 59660 55849 58319 86560 72616 44405 92949 16700 83483
3938 11
83826 75092 43547 68684 92820 70893 38662 16110 59885 37595 12180
8887 18
19827 12560 89506 96383 42539 41297 74971 45450 67211 80223 73556 63045 69321 26988 19482 50060 87881 6956
1029 10
2582 19794 64097 79024 7468 15258 90196 25966 52505 55391
6338 18
99700 12190 60792 87196 95615 14542 90076 24605 84191 50679 68607 73241 28228 45550 97460 85867 3993 87956
6783 11
38845 95095 33737 2324 57165 44717 67583 48392 51427 16770 82698
8981 10
73258 36381 15079 52999 53912 87611 11981 89217 68881 92873
1356 19
83283 52190 15920 73445 49706 77787 89796 40507 61543 74453 1718 98328 70779 66975 63860 57786 7850 74656 13975
9918 9
71772 47523 14457 27484 83949 61821 79933 49584 31825
2394 19
47576 34607 94214 40639 96142 36757 83514 1998 63799 25967 43263 95029 73569 6758 20575 12871 36193 9796 29201
6313 12
93797 31659 43265 78987 82829 28797 67578 11942 40845 71033 55835 87162
6897 19
56907 95402 83304 28038 71074 14860 10856 3932 87937 54263 6564 43423 14925 48793 75602 16476 73295 54084 37550
8530 20
11503 81373 87719 5892 26138 53582 59089 88957 32631 2304 20859 16064 42760 19448 98024 99723 22968 96213 27044 82458
3428 19
612 47401 28439 69864 36727 51354 44929 88298 49856 49358 71379 56796 53296 25787 94797 87468 63123 39161 61709
2359 14
9508 55889 14067 60259 78319 30503 98686 63497 83803 19053 28632 12451 52615 85810
5853 17
45690 74745 69503 15189 86337 95766 35992 74376 46472 40237 98161 7334 52055 26098 78738 71022 51319
9772 16
45682 10161 77264 41179 10639 18994 71956 39849 1331 12919 34725 70656 95372 90925 20394 63725
1970 11
30317 80411 49785 13325 60718 92429 35806 71777 60864 22341 17137
4758 19
41803 61417 26076 4552 94218 63986 71749 2686 74497 91216 47525 54287 2051 92408 33654 24709 23928 99010 84347
2610 18
1382 65479 61304 49113 77032 39325 66708 4174 7820 74761 25060 53356 30494 52297 11071 10458 48745 71113
7175 12
66907 75263 28784 39305 23413 28230 17709 96386 68888 4082 14897 55577
1448 14
89811 53233 91418 45379 95566 14370 97191 46160 88725 92889 88507 45990 61385 52876
1349 17
28366 22375 94002 45850 19353 74174 82237 75381 17539 42110 32056 50069 8164 86640 63894 44508 75694
7075 17
26973 99835 92121 86304 80133 37195 2387 27107 91201 71055 29624 88983 17920 52111 92755 69741 753
9255 13
80757 54473 12490 14871 40739 1875 29485 19731 33025 69499 87929 10121 82545
92 10
73669 87154 33545 20672 9131 37274 57354 42710 23932 76538
7368 10
56298 83691 14375 91433 40763 15296 10925 11093 18208 67270
6441 15
69323 30909 78139 89384 2647 32392 48752 68267 9868 88836 85948 74361 34475 25434 72742
6772 12
19919 86445 24112 75938 62509 23500 45113 88834 90050 95512 46842 68161
1634 14
75776 5282 2981 36241 90605 69902 34392 18305 15323 87092 48779 774 57740 42058
7989 13
22925 31099 46874 12877 34694 46347 25304 39418 86559 92114 95793 33147 4181
5771 17
86501 33122 1209 99914 72219 64988 59863 66534 3612 93974 75809 79899 54432 93188 49265 33987 61655
2380 11
11146 42369 37395 29106 12664 65802 90457 11550 83028 6118 75099
3546 9
46983 76616 55898 55536 92353 84271 46114 29226 46370
8617 14
27336 12078 70208 80572 65001 89450 56222 27070 53656 58113 96366 24555 73616 62826
8791 18
77912 7524 86695 91907 68515 10195 70762 32205 58323 55805 40812 99958 73654 5851 95022 67079 27407 89708
9092 12
70866 39395 52279 14736 59636 33002 43902 83350 4727 61446 50047 14305
2297 16
32352 98491 19238 61759 74118 54343 20451 72402 48161 5511 6718 42504 70960 26037 34902 44219
7327 16
97546 91198 10089 2444 66385 50738 80916 62968 5377 72011 85856 7209 89861 69788 23059 56397
2006 13
94498 96323 16873 36998 3964 20664 88446 79411 27157 42790 96719 75657 42447
7281 18
4425 53518 35664 83800 8971 33026 20628 12771 39968 64213 88047 87511 27077 15340 74003 3009 92440 26693
806 13
68168 71891 61355 43442 81762 91541 93536 43249 77280 59283 25022 2074 82846
1045 19
17105 25087 20595 95978 77344 63622 90560 21886 41485 54028 20566 44114 43439 56316 91949 29992 39892 38313 49560
6754 12
48874 16462 73946 69574 57188 6136 64971 54195 47046 9716 60674 38055
18 12
52395 75224 35169 98878 64396 52255 56601 55842 73308 69057 29586 74997
5523 18
74547 82572 20012 37009 89131 33580 80571 36834 44354 48363 65454 67081 31078 64293 17531 95018 31675 18711
1549 11
52239 47431 78457 39536 92602 36648 5245 52007 61854 98461 25013
6241 17
36531 42960 25240 54471 21600 74814 40351 66575 48146 12416 61451 13562 66639 98014 31889 86442 88617
111 14
70445 1692 38153 55457 20320 15253 61427 1559 40466 79430 45472 8792 78382 97759
198 11
36870 3333 11316 19029 46140 9872 40934 37953 86139 64023 38878
5134 13
91032 41345 78271 77120 73307 68890 41570 6727 98153 79664 97582 10421 62796
650 11
88226 26135 68353 59551 78483 68345 60100 18275 44740 33694 78383
7305 11
23444 89141 17735 27769 569 31000 71052 41276 95997 16103 80227
3953 2
78057 66720
